#
# There is insufficient memory for the Java Runtime Environment to continue.
# Native memory allocation (malloc) failed to allocate 65552 bytes. Error detail: Chunk::new
# Possible reasons:
#   The system is out of physical RAM or swap space
#   This process is running with CompressedOops enabled, and the Java Heap may be blocking the growth of the native heap
# Possible solutions:
#   Reduce memory load on the system
#   Increase physical memory or swap space
#   Check if swap backing store is full
#   Decrease Java heap size (-Xmx/-Xms)
#   Decrease number of Java threads
#   Decrease Java thread stack sizes (-Xss)
#   Set larger code cache with -XX:ReservedCodeCacheSize=
#   JVM is running with Unscaled Compressed Oops mode in which the Java heap is
#     placed in the first 4GB address space. The Java Heap base address is the
#     maximum limit for the native heap growth. Please use -XX:HeapBaseMinAddress
#     to set the Java Heap base and to place the Java Heap above 4GB virtual address.
# This output file may be truncated or incomplete.
#
#  Out of Memory Error (arena.cpp:191), pid=9200, tid=13396
#
# JRE version: OpenJDK Runtime Environment Temurin-17.0.13+11 (17.0.13+11) (build 17.0.13+11)
# Java VM: OpenJDK 64-Bit Server VM Temurin-17.0.13+11 (17.0.13+11, mixed mode, tiered, compressed oops, compressed class ptrs, parallel gc, windows-amd64)
# No core dump will be written. Minidumps are not enabled by default on client versions of Windows
#

---------------  S U M M A R Y ------------

Command Line: --add-modules=ALL-SYSTEM --add-opens=java.base/java.util=ALL-UNNAMED --add-opens=java.base/java.lang=ALL-UNNAMED --add-opens=java.base/sun.nio.fs=ALL-UNNAMED -Declipse.application=org.eclipse.jdt.ls.core.id1 -Dosgi.bundles.defaultStartLevel=4 -Declipse.product=org.eclipse.jdt.ls.core.product -Djava.import.generatesMetadataFilesAtProjectRoot=false -DDetectVMInstallationsJob.disabled=true -Dfile.encoding=utf8 -XX:+UseParallelGC -XX:GCTimeRatio=4 -XX:AdaptiveSizePolicyWeight=90 -Dsun.zip.disableMemoryMapping=true -Xmx1G -Xms100m -Xlog:disable -javaagent:c:\Users\Hp\.vscode\extensions\redhat.java-1.36.0-win32-x64\lombok\lombok-1.18.35.jar -XX:+HeapDumpOnOutOfMemoryError -XX:HeapDumpPath=c:\Users\Hp\AppData\Roaming\Code\User\workspaceStorage\20a746ef3ab40ec251df553c4f2a69aa\redhat.java -Daether.dependencyCollector.impl=bf c:\Users\Hp\.vscode\extensions\redhat.java-1.36.0-win32-x64\server\plugins\org.eclipse.equinox.launcher_1.6.900.v20240613-2009.jar -configuration c:\Users\Hp\AppData\Roaming\Code\User\globalStorage\redhat.java\1.36.0\config_win -data c:\Users\Hp\AppData\Roaming\Code\User\workspaceStorage\20a746ef3ab40ec251df553c4f2a69aa\redhat.java\jdt_ws --pipe=\\.\pipe\lsp-a19fec6e085974ab8d30a473fd5f640b-sock

Host: Intel(R) Core(TM) i3-1005G1 CPU @ 1.20GHz, 4 cores, 3G,  Windows 10 , 64 bit Build 19041 (10.0.19041.4957)
Time: Wed Nov  6 20:02:49 2024 SE Asia Standard Time elapsed time: 23.418690 seconds (0d 0h 0m 23s)

---------------  T H R E A D  ---------------

Current thread (0x000002a0bf793110):  JavaThread "C2 CompilerThread0" daemon [_thread_in_native, id=13396, stack(0x000000dabd700000,0x000000dabd800000)]


Current CompileTask:
C2:  23418 2068       4       org.apache.felix.resolver.ResolverImpl::mergeUses (495 bytes)

Stack: [0x000000dabd700000,0x000000dabd800000]
Native frames: (J=compiled Java code, j=interpreted, Vv=VM code, C=native code)
V  [jvm.dll+0x682a19]
V  [jvm.dll+0x839538]
V  [jvm.dll+0x83afe3]
V  [jvm.dll+0x83b653]
V  [jvm.dll+0x24704f]
V  [jvm.dll+0xace34]
V  [jvm.dll+0xad4cc]
V  [jvm.dll+0xba43d]
V  [jvm.dll+0x57924c]
V  [jvm.dll+0x577490]
V  [jvm.dll+0x577e50]
V  [jvm.dll+0x5772ae]
V  [jvm.dll+0x5772c1]
V  [jvm.dll+0x5772c1]
V  [jvm.dll+0x5772c1]
V  [jvm.dll+0x5772c1]
V  [jvm.dll+0x5772c1]
V  [jvm.dll+0x5772c1]
V  [jvm.dll+0x5772c1]
V  [jvm.dll+0x5772c1]
V  [jvm.dll+0x5772c1]
V  [jvm.dll+0x5772c1]
V  [jvm.dll+0x5772c1]
V  [jvm.dll+0x5772c1]
V  [jvm.dll+0x577275]
V  [jvm.dll+0x577275]
V  [jvm.dll+0x577275]
V  [jvm.dll+0x5772c1]
V  [jvm.dll+0x5772c1]
V  [jvm.dll+0x5772c1]
V  [jvm.dll+0x5772c1]
V  [jvm.dll+0x5772c1]
V  [jvm.dll+0x5772c1]
V  [jvm.dll+0x577275]
V  [jvm.dll+0x5772c1]
V  [jvm.dll+0x5772c1]
V  [jvm.dll+0x5772c1]
V  [jvm.dll+0x5772c1]
V  [jvm.dll+0x5772c1]
V  [jvm.dll+0x5892bc]
V  [jvm.dll+0x220ea2]
V  [jvm.dll+0x22129f]
V  [jvm.dll+0x21a2b0]
V  [jvm.dll+0x21738b]
V  [jvm.dll+0x1a3070]
V  [jvm.dll+0x22788c]
V  [jvm.dll+0x2259eb]
V  [jvm.dll+0x7eec98]
V  [jvm.dll+0x7e8ffc]
V  [jvm.dll+0x6818f7]
C  [ucrtbase.dll+0x21bb2]
C  [KERNEL32.DLL+0x17374]
C  [ntdll.dll+0x4cc91]


---------------  P R O C E S S  ---------------

Threads class SMR info:
_java_thread_list=0x000002a0c4ecba40, length=20, elements={
0x000002a0ab91ed50, 0x000002a0bf762020, 0x000002a0bf764490, 0x000002a0bf78c280,
0x000002a0bf78cd50, 0x000002a0bf78d820, 0x000002a0bf790500, 0x000002a0bf793110,
0x000002a0c49b9c90, 0x000002a0c49bc960, 0x000002a0c4a86780, 0x000002a0c4c78570,
0x000002a0c521ea20, 0x000002a0c53a2a60, 0x000002a0c4e9a770, 0x000002a0c4e08530,
0x000002a0c57d1c40, 0x000002a0c54427f0, 0x000002a0c5442d00, 0x000002a0c54413b0
}

Java Threads: ( => current thread )
  0x000002a0ab91ed50 JavaThread "main" [_thread_blocked, id=9360, stack(0x000000dabce00000,0x000000dabcf00000)]
  0x000002a0bf762020 JavaThread "Reference Handler" daemon [_thread_blocked, id=3608, stack(0x000000dabd100000,0x000000dabd200000)]
  0x000002a0bf764490 JavaThread "Finalizer" daemon [_thread_blocked, id=2500, stack(0x000000dabd200000,0x000000dabd300000)]
  0x000002a0bf78c280 JavaThread "Signal Dispatcher" daemon [_thread_blocked, id=9692, stack(0x000000dabd300000,0x000000dabd400000)]
  0x000002a0bf78cd50 JavaThread "Attach Listener" daemon [_thread_blocked, id=3724, stack(0x000000dabd400000,0x000000dabd500000)]
  0x000002a0bf78d820 JavaThread "Service Thread" daemon [_thread_blocked, id=15432, stack(0x000000dabd500000,0x000000dabd600000)]
  0x000002a0bf790500 JavaThread "Monitor Deflation Thread" daemon [_thread_blocked, id=924, stack(0x000000dabd600000,0x000000dabd700000)]
=>0x000002a0bf793110 JavaThread "C2 CompilerThread0" daemon [_thread_in_native, id=13396, stack(0x000000dabd700000,0x000000dabd800000)]
  0x000002a0c49b9c90 JavaThread "C1 CompilerThread0" daemon [_thread_in_native, id=14068, stack(0x000000dabd800000,0x000000dabd900000)]
  0x000002a0c49bc960 JavaThread "Sweeper thread" daemon [_thread_blocked, id=4380, stack(0x000000dabd900000,0x000000dabda00000)]
  0x000002a0c4a86780 JavaThread "Common-Cleaner" daemon [_thread_blocked, id=11460, stack(0x000000dabda00000,0x000000dabdb00000)]
  0x000002a0c4c78570 JavaThread "Notification Thread" daemon [_thread_blocked, id=9048, stack(0x000000dabdb00000,0x000000dabdc00000)]
  0x000002a0c521ea20 JavaThread "Active Thread: Equinox Container: bca95ee9-7fe1-4be0-8386-e50e159a1659" [_thread_blocked, id=6956, stack(0x000000dabe400000,0x000000dabe500000)]
  0x000002a0c53a2a60 JavaThread "Framework Event Dispatcher: Equinox Container: bca95ee9-7fe1-4be0-8386-e50e159a1659" daemon [_thread_blocked, id=348, stack(0x000000dabe000000,0x000000dabe100000)]
  0x000002a0c4e9a770 JavaThread "Start Level: Equinox Container: bca95ee9-7fe1-4be0-8386-e50e159a1659" daemon [_thread_blocked, id=1948, stack(0x000000dabe100000,0x000000dabe200000)]
  0x000002a0c4e08530 JavaThread "Refresh Thread: Equinox Container: bca95ee9-7fe1-4be0-8386-e50e159a1659" daemon [_thread_in_vm, id=9192, stack(0x000000dabe200000,0x000000dabe300000)]
  0x000002a0c57d1c40 JavaThread "Equinox resolver thread - Equinox Container: bca95ee9-7fe1-4be0-8386-e50e159a1659" daemon [_thread_blocked, id=3788, stack(0x000000dabe300000,0x000000dabe400000)]
  0x000002a0c54427f0 JavaThread "Equinox resolver thread - Equinox Container: bca95ee9-7fe1-4be0-8386-e50e159a1659" daemon [_thread_blocked, id=1232, stack(0x000000dabe500000,0x000000dabe600000)]
  0x000002a0c5442d00 JavaThread "Equinox resolver thread - Equinox Container: bca95ee9-7fe1-4be0-8386-e50e159a1659" daemon [_thread_blocked, id=15204, stack(0x000000dabe600000,0x000000dabe700000)]
  0x000002a0c54413b0 JavaThread "Equinox resolver thread - Equinox Container: bca95ee9-7fe1-4be0-8386-e50e159a1659" daemon [_thread_blocked, id=5188, stack(0x000000dabe700000,0x000000dabe800000)]

Other Threads:
  0x000002a0ab9d7a80 VMThread "VM Thread" [stack: 0x000000dabd000000,0x000000dabd100000] [id=1368]
  0x000002a0c4c78a50 WatcherThread [stack: 0x000000dabdc00000,0x000000dabdd00000] [id=11164]
  0x000002a0ab935400 GCTaskThread "GC Thread#0" [stack: 0x000000dabcf00000,0x000000dabd000000] [id=3928]
  0x000002a0c50fb7d0 GCTaskThread "GC Thread#1" [stack: 0x000000dabdd00000,0x000000dabde00000] [id=13360]
  0x000002a0c5256c60 GCTaskThread "GC Thread#2" [stack: 0x000000dabde00000,0x000000dabdf00000] [id=6152]
  0x000002a0c53af440 GCTaskThread "GC Thread#3" [stack: 0x000000dabdf00000,0x000000dabe000000] [id=5996]

Threads with active compile tasks:
C2 CompilerThread0    23493 2068       4       org.apache.felix.resolver.ResolverImpl::mergeUses (495 bytes)

VM state: not at safepoint (normal execution)

VM Mutex/Monitor currently owned by a thread: None

Heap address: 0x00000000c0000000, size: 1024 MB, Compressed Oops mode: 32-bit

CDS archive(s) not mapped
Compressed class space mapped at: 0x0000000100000000-0x0000000140000000, reserved size: 1073741824
Narrow klass base: 0x0000000000000000, Narrow klass shift: 3, Narrow klass range: 0x140000000

GC Precious Log:
 CPUs: 4 total, 4 available
 Memory: 3873M
 Large Page Support: Disabled
 NUMA Support: Disabled
 Compressed Oops: Enabled (32-bit)
 Alignments: Space 512K, Generation 512K, Heap 2M
 Heap Min Capacity: 100M
 Heap Initial Capacity: 100M
 Heap Max Capacity: 1G
 Pre-touch: Disabled
 Parallel Workers: 4

Heap:
 PSYoungGen      total 29696K, used 9070K [0x00000000eab00000, 0x00000000ecc00000, 0x0000000100000000)
  eden space 25600K, 19% used [0x00000000eab00000,0x00000000eafdf478,0x00000000ec400000)
  from space 4096K, 99% used [0x00000000ec400000,0x00000000ec7fc560,0x00000000ec800000)
  to   space 4096K, 0% used [0x00000000ec800000,0x00000000ec800000,0x00000000ecc00000)
 ParOldGen       total 68608K, used 7366K [0x00000000c0000000, 0x00000000c4300000, 0x00000000eab00000)
  object space 68608K, 10% used [0x00000000c0000000,0x00000000c0731ad8,0x00000000c4300000)
 Metaspace       used 14722K, committed 14912K, reserved 1114112K
  class space    used 1449K, committed 1536K, reserved 1048576K

Card table byte_map: [0x000002a0ab2c0000,0x000002a0ab4d0000] _byte_map_base: 0x000002a0aacc0000

Marking Bits: (ParMarkBitMap*) 0x00007ffb72c26940
 Begin Bits: [0x000002a0bd5c0000, 0x000002a0be5c0000)
 End Bits:   [0x000002a0be5c0000, 0x000002a0bf5c0000)

Polling page: 0x000002a0a97e0000

Metaspace:

Usage:
  Non-class:     12.96 MB used.
      Class:      1.42 MB used.
       Both:     14.38 MB used.

Virtual space:
  Non-class space:       64.00 MB reserved,      13.06 MB ( 20%) committed,  1 nodes.
      Class space:        1.00 GB reserved,       1.50 MB ( <1%) committed,  1 nodes.
             Both:        1.06 GB reserved,      14.56 MB (  1%) committed. 

Chunk freelists:
   Non-Class:  2.78 MB
       Class:  14.42 MB
        Both:  17.20 MB

MaxMetaspaceSize: unlimited
CompressedClassSpaceSize: 1.00 GB
Initial GC threshold: 21.00 MB
Current GC threshold: 21.00 MB
CDS: off
MetaspaceReclaimPolicy: balanced
 - commit_granule_bytes: 65536.
 - commit_granule_words: 8192.
 - virtual_space_node_default_size: 8388608.
 - enlarge_chunks_in_place: 1.
 - new_chunks_are_fully_committed: 0.
 - uncommit_free_chunks: 1.
 - use_allocation_guard: 0.
 - handle_deallocations: 1.


Internal statistics:

num_allocs_failed_limit: 0.
num_arena_births: 54.
num_arena_deaths: 0.
num_vsnodes_births: 2.
num_vsnodes_deaths: 0.
num_space_committed: 233.
num_space_uncommitted: 0.
num_chunks_returned_to_freelist: 0.
num_chunks_taken_from_freelist: 249.
num_chunk_merges: 0.
num_chunk_splits: 166.
num_chunks_enlarged: 131.
num_inconsistent_stats: 0.

CodeHeap 'non-profiled nmethods': size=120000Kb used=850Kb max_used=850Kb free=119149Kb
 bounds [0x000002a0b6090000, 0x000002a0b6300000, 0x000002a0bd5c0000]
CodeHeap 'profiled nmethods': size=120000Kb used=4343Kb max_used=4343Kb free=115656Kb
 bounds [0x000002a0ae5c0000, 0x000002a0aea00000, 0x000002a0b5af0000]
CodeHeap 'non-nmethods': size=5760Kb used=1163Kb max_used=1182Kb free=4596Kb
 bounds [0x000002a0b5af0000, 0x000002a0b5d60000, 0x000002a0b6090000]
 total_blobs=2578 nmethods=2131 adapters=361
 compilation: enabled
              stopped_count=0, restarted_count=0
 full_count=0

Compilation events (20 events):
Event: 23.019 Thread 0x000002a0c49b9c90 nmethod 2071 0x000002a0ae9c8710 code [0x000002a0ae9c88c0, 0x000002a0ae9c8a88]
Event: 23.022 Thread 0x000002a0c49b9c90 2072       3       org.apache.felix.resolver.ResolverImpl::parseUses (157 bytes)
Event: 23.024 Thread 0x000002a0c49b9c90 nmethod 2072 0x000002a0ae9c8b90 code [0x000002a0ae9c8ee0, 0x000002a0ae9ca488]
Event: 23.026 Thread 0x000002a0c49b9c90 2073       3       org.apache.felix.resolver.ResolverImpl$Packages$3$1::compute (9 bytes)
Event: 23.027 Thread 0x000002a0c49b9c90 nmethod 2073 0x000002a0ae9cad90 code [0x000002a0ae9caf80, 0x000002a0ae9cb538]
Event: 23.027 Thread 0x000002a0c49b9c90 2074       3       org.apache.felix.resolver.ResolverImpl$Packages$3$1::compute (9 bytes)
Event: 23.027 Thread 0x000002a0c49b9c90 nmethod 2074 0x000002a0ae9cb710 code [0x000002a0ae9cb8e0, 0x000002a0ae9cbd18]
Event: 23.027 Thread 0x000002a0c49b9c90 2075       3       org.apache.felix.resolver.ResolverImpl$UsedBlames::<init> (21 bytes)
Event: 23.027 Thread 0x000002a0c49b9c90 nmethod 2075 0x000002a0ae9cbf10 code [0x000002a0ae9cc0c0, 0x000002a0ae9cc438]
Event: 23.040 Thread 0x000002a0c49b9c90 2077       3       java.util.AbstractCollection::toArray (70 bytes)
Event: 23.041 Thread 0x000002a0c49b9c90 nmethod 2077 0x000002a0ae9cc590 code [0x000002a0ae9cc7c0, 0x000002a0ae9cd0c8]
Event: 23.394 Thread 0x000002a0c49b9c90 2078   !   3       java.util.jar.JarVerifier::processEntry (440 bytes)
Event: 23.397 Thread 0x000002a0c49b9c90 nmethod 2078 0x000002a0ae9cd310 code [0x000002a0ae9cd7e0, 0x000002a0ae9cfee8]
Event: 23.397 Thread 0x000002a0c49b9c90 2079       1       org.apache.felix.resolver.util.ArrayMap$1::access$0 (5 bytes)
Event: 23.398 Thread 0x000002a0c49b9c90 nmethod 2079 0x000002a0b6162190 code [0x000002a0b6162320, 0x000002a0b61623d8]
Event: 23.398 Thread 0x000002a0c49b9c90 2080       1       org.apache.felix.resolver.util.ArrayMap::access$0 (5 bytes)
Event: 23.398 Thread 0x000002a0c49b9c90 nmethod 2080 0x000002a0b6162490 code [0x000002a0b6162620, 0x000002a0b61626d8]
Event: 23.398 Thread 0x000002a0c49b9c90 2081       3       org.apache.felix.resolver.ResolverImpl$ResolveSession::isCancelled (11 bytes)
Event: 23.398 Thread 0x000002a0c49b9c90 nmethod 2081 0x000002a0ae9d1210 code [0x000002a0ae9d13a0, 0x000002a0ae9d1518]
Event: 23.398 Thread 0x000002a0c49b9c90 2082       3       org.apache.felix.resolver.ResolverImpl::checkPackageSpaceConsistency (1205 bytes)

GC Heap History (6 events):
Event: 5.967 GC heap before
{Heap before GC invocations=1 (full 0):
 PSYoungGen      total 29696K, used 25600K [0x00000000eab00000, 0x00000000ecc00000, 0x0000000100000000)
  eden space 25600K, 100% used [0x00000000eab00000,0x00000000ec400000,0x00000000ec400000)
  from space 4096K, 0% used [0x00000000ec800000,0x00000000ec800000,0x00000000ecc00000)
  to   space 4096K, 0% used [0x00000000ec400000,0x00000000ec400000,0x00000000ec800000)
 ParOldGen       total 68608K, used 0K [0x00000000c0000000, 0x00000000c4300000, 0x00000000eab00000)
  object space 68608K, 0% used [0x00000000c0000000,0x00000000c0000000,0x00000000c4300000)
 Metaspace       used 11045K, committed 11200K, reserved 1114112K
  class space    used 1102K, committed 1152K, reserved 1048576K
}
Event: 6.039 GC heap after
{Heap after GC invocations=1 (full 0):
 PSYoungGen      total 29696K, used 3156K [0x00000000eab00000, 0x00000000ecc00000, 0x0000000100000000)
  eden space 25600K, 0% used [0x00000000eab00000,0x00000000eab00000,0x00000000ec400000)
  from space 4096K, 77% used [0x00000000ec400000,0x00000000ec715330,0x00000000ec800000)
  to   space 4096K, 0% used [0x00000000ec800000,0x00000000ec800000,0x00000000ecc00000)
 ParOldGen       total 68608K, used 0K [0x00000000c0000000, 0x00000000c4300000, 0x00000000eab00000)
  object space 68608K, 0% used [0x00000000c0000000,0x00000000c0000000,0x00000000c4300000)
 Metaspace       used 11045K, committed 11200K, reserved 1114112K
  class space    used 1102K, committed 1152K, reserved 1048576K
}
Event: 20.480 GC heap before
{Heap before GC invocations=2 (full 0):
 PSYoungGen      total 29696K, used 28756K [0x00000000eab00000, 0x00000000ecc00000, 0x0000000100000000)
  eden space 25600K, 100% used [0x00000000eab00000,0x00000000ec400000,0x00000000ec400000)
  from space 4096K, 77% used [0x00000000ec400000,0x00000000ec715330,0x00000000ec800000)
  to   space 4096K, 0% used [0x00000000ec800000,0x00000000ec800000,0x00000000ecc00000)
 ParOldGen       total 68608K, used 0K [0x00000000c0000000, 0x00000000c4300000, 0x00000000eab00000)
  object space 68608K, 0% used [0x00000000c0000000,0x00000000c0000000,0x00000000c4300000)
 Metaspace       used 14167K, committed 14272K, reserved 1114112K
  class space    used 1412K, committed 1472K, reserved 1048576K
}
Event: 20.491 GC heap after
{Heap after GC invocations=2 (full 0):
 PSYoungGen      total 29696K, used 4083K [0x00000000eab00000, 0x00000000ecc00000, 0x0000000100000000)
  eden space 25600K, 0% used [0x00000000eab00000,0x00000000eab00000,0x00000000ec400000)
  from space 4096K, 99% used [0x00000000ec800000,0x00000000ecbfcdf8,0x00000000ecc00000)
  to   space 4096K, 0% used [0x00000000ec400000,0x00000000ec400000,0x00000000ec800000)
 ParOldGen       total 68608K, used 726K [0x00000000c0000000, 0x00000000c4300000, 0x00000000eab00000)
  object space 68608K, 1% used [0x00000000c0000000,0x00000000c00b5b50,0x00000000c4300000)
 Metaspace       used 14167K, committed 14272K, reserved 1114112K
  class space    used 1412K, committed 1472K, reserved 1048576K
}
Event: 22.931 GC heap before
{Heap before GC invocations=3 (full 0):
 PSYoungGen      total 29696K, used 29683K [0x00000000eab00000, 0x00000000ecc00000, 0x0000000100000000)
  eden space 25600K, 100% used [0x00000000eab00000,0x00000000ec400000,0x00000000ec400000)
  from space 4096K, 99% used [0x00000000ec800000,0x00000000ecbfcdf8,0x00000000ecc00000)
  to   space 4096K, 0% used [0x00000000ec400000,0x00000000ec400000,0x00000000ec800000)
 ParOldGen       total 68608K, used 726K [0x00000000c0000000, 0x00000000c4300000, 0x00000000eab00000)
  object space 68608K, 1% used [0x00000000c0000000,0x00000000c00b5b50,0x00000000c4300000)
 Metaspace       used 14624K, committed 14848K, reserved 1114112K
  class space    used 1445K, committed 1536K, reserved 1048576K
}
Event: 22.946 GC heap after
{Heap after GC invocations=3 (full 0):
 PSYoungGen      total 29696K, used 4081K [0x00000000eab00000, 0x00000000ecc00000, 0x0000000100000000)
  eden space 25600K, 0% used [0x00000000eab00000,0x00000000eab00000,0x00000000ec400000)
  from space 4096K, 99% used [0x00000000ec400000,0x00000000ec7fc560,0x00000000ec800000)
  to   space 4096K, 0% used [0x00000000ec800000,0x00000000ec800000,0x00000000ecc00000)
 ParOldGen       total 68608K, used 7366K [0x00000000c0000000, 0x00000000c4300000, 0x00000000eab00000)
  object space 68608K, 10% used [0x00000000c0000000,0x00000000c0731ad8,0x00000000c4300000)
 Metaspace       used 14624K, committed 14848K, reserved 1114112K
  class space    used 1445K, committed 1536K, reserved 1048576K
}

Dll operation events (9 events):
Event: 0.066 Loaded shared library c:\Users\Hp\.vscode\extensions\redhat.java-1.36.0-win32-x64\jre\17.0.13-win32-x86_64\bin\java.dll
Event: 1.519 Loaded shared library c:\Users\Hp\.vscode\extensions\redhat.java-1.36.0-win32-x64\jre\17.0.13-win32-x86_64\bin\zip.dll
Event: 1.551 Loaded shared library C:\Users\Hp\.vscode\extensions\redhat.java-1.36.0-win32-x64\jre\17.0.13-win32-x86_64\bin\instrument.dll
Event: 1.638 Loaded shared library C:\Users\Hp\.vscode\extensions\redhat.java-1.36.0-win32-x64\jre\17.0.13-win32-x86_64\bin\net.dll
Event: 1.676 Loaded shared library C:\Users\Hp\.vscode\extensions\redhat.java-1.36.0-win32-x64\jre\17.0.13-win32-x86_64\bin\nio.dll
Event: 1.705 Loaded shared library C:\Users\Hp\.vscode\extensions\redhat.java-1.36.0-win32-x64\jre\17.0.13-win32-x86_64\bin\zip.dll
Event: 1.814 Loaded shared library C:\Users\Hp\.vscode\extensions\redhat.java-1.36.0-win32-x64\jre\17.0.13-win32-x86_64\bin\jimage.dll
Event: 2.163 Loaded shared library c:\Users\Hp\.vscode\extensions\redhat.java-1.36.0-win32-x64\jre\17.0.13-win32-x86_64\bin\verify.dll
Event: 21.825 Loaded shared library C:\Users\Hp\AppData\Roaming\Code\User\globalStorage\redhat.java\1.36.0\config_win\org.eclipse.equinox.launcher\org.eclipse.equinox.launcher.win32.win32.x86_64_1.2.1100.v20240722-2106\eclipse_11904.dll

Deoptimization events (20 events):
Event: 21.538 Thread 0x000002a0ab91ed50 DEOPT PACKING pc=0x000002a0ae8ee2ca sp=0x000000dabcefd950
Event: 21.538 Thread 0x000002a0ab91ed50 DEOPT UNPACKING pc=0x000002a0b5b4a9e3 sp=0x000000dabcefcdd8 mode 0
Event: 21.538 Thread 0x000002a0ab91ed50 DEOPT PACKING pc=0x000002a0ae8ee2ca sp=0x000000dabcefd950
Event: 21.538 Thread 0x000002a0ab91ed50 DEOPT UNPACKING pc=0x000002a0b5b4a9e3 sp=0x000000dabcefcdd8 mode 0
Event: 21.540 Thread 0x000002a0ab91ed50 Uncommon trap: trap_request=0xffffffdc fr.pc=0x000002a0b6148818 relative=0x0000000000000278
Event: 21.540 Thread 0x000002a0ab91ed50 Uncommon trap: reason=class_check action=make_not_entrant pc=0x000002a0b6148818 method=java.util.ArrayList.toArray([Ljava/lang/Object;)[Ljava/lang/Object; @ 21 c2
Event: 21.540 Thread 0x000002a0ab91ed50 DEOPT PACKING pc=0x000002a0b6148818 sp=0x000000dabcefd990
Event: 21.540 Thread 0x000002a0ab91ed50 DEOPT UNPACKING pc=0x000002a0b5b49ea3 sp=0x000000dabcefd950 mode 2
Event: 21.545 Thread 0x000002a0ab91ed50 DEOPT PACKING pc=0x000002a0ae8ee2ca sp=0x000000dabcefd950
Event: 21.545 Thread 0x000002a0ab91ed50 DEOPT UNPACKING pc=0x000002a0b5b4a9e3 sp=0x000000dabcefcdd8 mode 0
Event: 21.545 Thread 0x000002a0ab91ed50 DEOPT PACKING pc=0x000002a0ae8ee2ca sp=0x000000dabcefd950
Event: 21.545 Thread 0x000002a0ab91ed50 DEOPT UNPACKING pc=0x000002a0b5b4a9e3 sp=0x000000dabcefcdd8 mode 0
Event: 21.838 Thread 0x000002a0c4e08530 Uncommon trap: trap_request=0xffffff45 fr.pc=0x000002a0b6109d18 relative=0x00000000000002f8
Event: 21.838 Thread 0x000002a0c4e08530 Uncommon trap: reason=unstable_if action=reinterpret pc=0x000002a0b6109d18 method=java.util.HashMap$HashIterator.<init>(Ljava/util/HashMap;)V @ 45 c2
Event: 21.838 Thread 0x000002a0c4e08530 DEOPT PACKING pc=0x000002a0b6109d18 sp=0x000000dabe2feec0
Event: 21.838 Thread 0x000002a0c4e08530 DEOPT UNPACKING pc=0x000002a0b5b49ea3 sp=0x000000dabe2fed90 mode 2
Event: 22.229 Thread 0x000002a0c4e08530 Uncommon trap: trap_request=0xffffff45 fr.pc=0x000002a0b6152ff4 relative=0x00000000000000d4
Event: 22.229 Thread 0x000002a0c4e08530 Uncommon trap: reason=unstable_if action=reinterpret pc=0x000002a0b6152ff4 method=org.eclipse.osgi.internal.framework.FilterImpl$Parser.skipWhiteSpace()V @ 39 c2
Event: 22.229 Thread 0x000002a0c4e08530 DEOPT PACKING pc=0x000002a0b6152ff4 sp=0x000000dabe2fe610
Event: 22.229 Thread 0x000002a0c4e08530 DEOPT UNPACKING pc=0x000002a0b5b49ea3 sp=0x000000dabe2fe5b0 mode 2

Classes loaded (20 events):
Event: 21.830 Loading class java/util/concurrent/locks/AbstractQueuedSynchronizer$ExclusiveNode
Event: 21.830 Loading class java/util/concurrent/locks/AbstractQueuedSynchronizer$ExclusiveNode done
Event: 21.831 Loading class java/util/ArrayList$ListItr
Event: 21.832 Loading class java/util/ArrayList$ListItr done
Event: 21.842 Loading class java/lang/invoke/MethodHandleImpl$AsVarargsCollector
Event: 21.843 Loading class java/lang/invoke/MethodHandleImpl$AsVarargsCollector done
Event: 21.847 Loading class java/util/Collections$ReverseComparator
Event: 21.849 Loading class java/util/Collections$ReverseComparator done
Event: 21.850 Loading class java/util/Comparators$NaturalOrderComparator
Event: 21.850 Loading class java/util/Comparators$NaturalOrderComparator done
Event: 21.850 Loading class java/util/Collections$ReverseComparator2
Event: 21.850 Loading class java/util/Collections$ReverseComparator2 done
Event: 21.860 Loading class java/util/function/BiPredicate
Event: 21.861 Loading class java/util/function/BiPredicate done
Event: 22.410 Loading class java/util/TreeMap$EntrySet
Event: 22.410 Loading class java/util/TreeMap$EntrySet done
Event: 22.410 Loading class java/util/TreeMap$EntryIterator
Event: 22.411 Loading class java/util/TreeMap$EntryIterator done
Event: 22.448 Loading class java/util/AbstractList$Itr
Event: 22.448 Loading class java/util/AbstractList$Itr done

Classes unloaded (0 events):
No events

Classes redefined (0 events):
No events

Internal exceptions (20 events):
Event: 4.315 Thread 0x000002a0ab91ed50 Exception <a 'sun/nio/fs/WindowsException'{0x00000000eb9030e8}> (0x00000000eb9030e8) 
thrown [s\src\hotspot\share\prims\jni.cpp, line 516]
Event: 4.315 Thread 0x000002a0ab91ed50 Exception <a 'sun/nio/fs/WindowsException'{0x00000000eb9065a8}> (0x00000000eb9065a8) 
thrown [s\src\hotspot\share\prims\jni.cpp, line 516]
Event: 4.316 Thread 0x000002a0ab91ed50 Exception <a 'sun/nio/fs/WindowsException'{0x00000000eb906d18}> (0x00000000eb906d18) 
thrown [s\src\hotspot\share\prims\jni.cpp, line 516]
Event: 5.279 Thread 0x000002a0ab91ed50 Exception <a 'java/lang/ClassNotFoundException'{0x00000000ec138850}: sun/net/www/protocol/c/Handler> (0x00000000ec138850) 
thrown [s\src\hotspot\share\classfile\systemDictionary.cpp, line 256]
Event: 5.280 Thread 0x000002a0ab91ed50 Exception <a 'java/lang/ClassNotFoundException'{0x00000000ec139b90}: sun/net/www/protocol/c/Handler> (0x00000000ec139b90) 
thrown [s\src\hotspot\share\classfile\systemDictionary.cpp, line 256]
Event: 5.280 Thread 0x000002a0ab91ed50 Exception <a 'java/lang/ClassNotFoundException'{0x00000000ec13ad08}: sun/net/www/protocol/c/Handler> (0x00000000ec13ad08) 
thrown [s\src\hotspot\share\classfile\systemDictionary.cpp, line 256]
Event: 5.332 Thread 0x000002a0ab91ed50 Exception <a 'java/io/FileNotFoundException'{0x00000000ec161e58}> (0x00000000ec161e58) 
thrown [s\src\hotspot\share\prims\jni.cpp, line 516]
Event: 5.615 Thread 0x000002a0ab91ed50 Implicit null exception at 0x000002a0b60ccddb to 0x000002a0b60cd724
Event: 5.615 Thread 0x000002a0ab91ed50 Implicit null exception at 0x000002a0b60e2d71 to 0x000002a0b60e2f4c
Event: 5.615 Thread 0x000002a0ab91ed50 Implicit null exception at 0x000002a0b60d6c71 to 0x000002a0b60d6e48
Event: 6.080 Thread 0x000002a0ab91ed50 Exception <a 'java/lang/NoSuchMethodError'{0x00000000eab43b58}: 'int java.lang.invoke.DirectMethodHandle$Holder.invokeStaticInit(java.lang.Object, java.lang.Object, java.lang.Object, java.lang.Object)'> (0x00000000eab43b58) 
thrown [s\src\hotspot\share\interpreter\linkResolver.cpp, line 759]
Event: 6.082 Thread 0x000002a0ab91ed50 Exception <a 'java/lang/NoSuchMethodError'{0x00000000eab4e2c0}: 'java.lang.Object java.lang.invoke.DirectMethodHandle$Holder.invokeInterface(java.lang.Object, java.lang.Object)'> (0x00000000eab4e2c0) 
thrown [s\src\hotspot\share\interpreter\linkResolver.cpp, line 759]
Event: 6.083 Thread 0x000002a0ab91ed50 Exception <a 'java/lang/IncompatibleClassChangeError'{0x00000000eab51ab8}: Found class java.lang.Object, but interface was expected> (0x00000000eab51ab8) 
thrown [s\src\hotspot\share\interpreter\linkResolver.cpp, line 826]
Event: 6.092 Thread 0x000002a0ab91ed50 Exception <a 'java/lang/NoSuchMethodError'{0x00000000eab55f98}: 'void java.lang.invoke.DirectMethodHandle$Holder.invokeStatic(java.lang.Object, java.lang.Object)'> (0x00000000eab55f98) 
thrown [s\src\hotspot\share\interpreter\linkResolver.cpp, line 759]
Event: 6.094 Thread 0x000002a0ab91ed50 Exception <a 'java/lang/NoSuchMethodError'{0x00000000eab59798}: 'void java.lang.invoke.DirectMethodHandle$Holder.invokeStaticInit(java.lang.Object, java.lang.Object)'> (0x00000000eab59798) 
thrown [s\src\hotspot\share\interpreter\linkResolver.cpp, line 759]
Event: 6.097 Thread 0x000002a0ab91ed50 Exception <a 'java/lang/NoSuchMethodError'{0x00000000eab60cb8}: 'int java.lang.invoke.DirectMethodHandle$Holder.invokeStaticInit(java.lang.Object, java.lang.Object)'> (0x00000000eab60cb8) 
thrown [s\src\hotspot\share\interpreter\linkResolver.cpp, line 759]
Event: 9.636 Thread 0x000002a0ab91ed50 Exception <a 'java/lang/NoSuchMethodError'{0x00000000eb6dc920}: 'int java.lang.invoke.DirectMethodHandle$Holder.invokeSpecial(java.lang.Object, java.lang.Object, java.lang.Object)'> (0x00000000eb6dc920) 
thrown [s\src\hotspot\share\interpreter\linkResolver.cpp, line 759]
Event: 10.070 Thread 0x000002a0ab91ed50 Exception <a 'java/lang/NoSuchMethodError'{0x00000000ebc257a0}: 'java.lang.Object java.lang.invoke.DirectMethodHandle$Holder.newInvokeSpecial(java.lang.Object, int, java.lang.Object)'> (0x00000000ebc257a0) 
thrown [s\src\hotspot\share\interpreter\linkResolver.cpp, line 759]
Event: 21.759 Thread 0x000002a0ab91ed50 Exception <a 'java/lang/UnsatisfiedLinkError'{0x00000000ebc0f300}: 'void org.eclipse.equinox.launcher.JNIBridge._update_splash()'> (0x00000000ebc0f300) 
thrown [s\src\hotspot\share\prims\nativeLookup.cpp, line 543]
Event: 21.846 Thread 0x000002a0c4e08530 Exception <a 'java/lang/NoSuchMethodError'{0x00000000ebcd28e8}: 'java.lang.Object java.lang.invoke.Invokers$Holder.invokeExact_MT(java.lang.Object, java.lang.Object, java.lang.Object, java.lang.Object, java.lang.Object, java.lang.Object)'> (0x00000000ebcd28e8) 
thrown [s\src\hotspot\share\interpreter\linkResolver.cpp, line 759]

VM Operations (20 events):
Event: 10.000 Executing VM operation: HandshakeAllThreads
Event: 10.011 Executing VM operation: HandshakeAllThreads done
Event: 10.012 Executing VM operation: HandshakeAllThreads
Event: 10.012 Executing VM operation: HandshakeAllThreads done
Event: 11.024 Executing VM operation: Cleanup
Event: 11.024 Executing VM operation: Cleanup done
Event: 20.113 Executing VM operation: Cleanup
Event: 20.223 Executing VM operation: Cleanup done
Event: 20.480 Executing VM operation: ParallelGCFailedAllocation
Event: 20.491 Executing VM operation: ParallelGCFailedAllocation done
Event: 21.505 Executing VM operation: Cleanup
Event: 21.507 Executing VM operation: Cleanup done
Event: 21.832 Executing VM operation: HandshakeAllThreads
Event: 21.832 Executing VM operation: HandshakeAllThreads done
Event: 22.414 Executing VM operation: HandshakeAllThreads
Event: 22.414 Executing VM operation: HandshakeAllThreads done
Event: 22.418 Executing VM operation: HandshakeAllThreads
Event: 22.418 Executing VM operation: HandshakeAllThreads done
Event: 22.899 Executing VM operation: ParallelGCFailedAllocation
Event: 22.946 Executing VM operation: ParallelGCFailedAllocation done

Memory protections (0 events):
No events

Nmethod flushes (0 events):
No events

Events (20 events):
Event: 0.551 Thread 0x000002a0ab91ed50 Thread added: 0x000002a0c49b9c90
Event: 0.619 Thread 0x000002a0ab91ed50 Thread added: 0x000002a0c49bc960
Event: 1.247 Thread 0x000002a0ab91ed50 Thread added: 0x000002a0c4a86780
Event: 2.516 Thread 0x000002a0ab91ed50 Thread added: 0x000002a0c4c78570
Event: 9.733 Thread 0x000002a0ab91ed50 Thread added: 0x000002a0c53a2a60
Event: 9.779 Thread 0x000002a0c53a2a60 Thread added: 0x000002a0c4e9a770
Event: 9.799 Thread 0x000002a0ab91ed50 Thread added: 0x000002a0c4e9ac50
Event: 9.803 Thread 0x000002a0ab91ed50 Thread added: 0x000002a0c521e0c0
Event: 9.980 Thread 0x000002a0ab91ed50 Thread added: 0x000002a0c521ea20
Event: 19.902 Thread 0x000002a0c53a2a60 Thread exited: 0x000002a0c53a2a60
Event: 19.915 Thread 0x000002a0c4e9ac50 Thread exited: 0x000002a0c4e9ac50
Event: 19.916 Thread 0x000002a0c4e9a770 Thread exited: 0x000002a0c4e9a770
Event: 19.918 Thread 0x000002a0c521e0c0 Thread exited: 0x000002a0c521e0c0
Event: 20.086 Thread 0x000002a0ab91ed50 Thread added: 0x000002a0c53a2a60
Event: 20.095 Thread 0x000002a0ab91ed50 Thread added: 0x000002a0c4e9a770
Event: 21.750 Thread 0x000002a0ab91ed50 Thread added: 0x000002a0c4e08530
Event: 22.446 Thread 0x000002a0c4e08530 Thread added: 0x000002a0c57d1c40
Event: 22.446 Thread 0x000002a0c4e08530 Thread added: 0x000002a0c54427f0
Event: 22.446 Thread 0x000002a0c4e08530 Thread added: 0x000002a0c5442d00
Event: 22.447 Thread 0x000002a0c4e08530 Thread added: 0x000002a0c54413b0


Dynamic libraries:
0x00007ff6c2ce0000 - 0x00007ff6c2cee000 	c:\Users\Hp\.vscode\extensions\redhat.java-1.36.0-win32-x64\jre\17.0.13-win32-x86_64\bin\java.exe
0x00007ffbb2db0000 - 0x00007ffbb2fa8000 	C:\Windows\SYSTEM32\ntdll.dll
0x00007ffbb2530000 - 0x00007ffbb25f2000 	C:\Windows\System32\KERNEL32.DLL
0x00007ffbb0820000 - 0x00007ffbb0b1e000 	C:\Windows\System32\KERNELBASE.dll
0x00007ffbb06a0000 - 0x00007ffbb07a0000 	C:\Windows\System32\ucrtbase.dll
0x00007ffbaaf60000 - 0x00007ffbaaf77000 	c:\Users\Hp\.vscode\extensions\redhat.java-1.36.0-win32-x64\jre\17.0.13-win32-x86_64\bin\jli.dll
0x00007ffbb2390000 - 0x00007ffbb252d000 	C:\Windows\System32\USER32.dll
0x00007ffbb0da0000 - 0x00007ffbb0dc2000 	C:\Windows\System32\win32u.dll
0x00007ffbb0fe0000 - 0x00007ffbb100b000 	C:\Windows\System32\GDI32.dll
0x00007ffbb0580000 - 0x00007ffbb0697000 	C:\Windows\System32\gdi32full.dll
0x00007ffbb04e0000 - 0x00007ffbb057d000 	C:\Windows\System32\msvcp_win.dll
0x00007ffbaa4c0000 - 0x00007ffbaa4de000 	c:\Users\Hp\.vscode\extensions\redhat.java-1.36.0-win32-x64\jre\17.0.13-win32-x86_64\bin\VCRUNTIME140.dll
0x00007ffb96700000 - 0x00007ffb9699a000 	C:\Windows\WinSxS\amd64_microsoft.windows.common-controls_6595b64144ccf1df_6.0.19041.4355_none_60b8b9eb71f62e16\COMCTL32.dll
0x00007ffbb10d0000 - 0x00007ffbb116e000 	C:\Windows\System32\msvcrt.dll
0x00007ffbb2260000 - 0x00007ffbb228f000 	C:\Windows\System32\IMM32.DLL
0x00007ffbaa420000 - 0x00007ffbaa42c000 	c:\Users\Hp\.vscode\extensions\redhat.java-1.36.0-win32-x64\jre\17.0.13-win32-x86_64\bin\vcruntime140_1.dll
0x00007ffb7d7e0000 - 0x00007ffb7d86d000 	c:\Users\Hp\.vscode\extensions\redhat.java-1.36.0-win32-x64\jre\17.0.13-win32-x86_64\bin\msvcp140.dll
0x00007ffb72080000 - 0x00007ffb72ceb000 	c:\Users\Hp\.vscode\extensions\redhat.java-1.36.0-win32-x64\jre\17.0.13-win32-x86_64\bin\server\jvm.dll
0x00007ffbb1010000 - 0x00007ffbb10c2000 	C:\Windows\System32\ADVAPI32.dll
0x00007ffbb0de0000 - 0x00007ffbb0e80000 	C:\Windows\System32\sechost.dll
0x00007ffbb1d10000 - 0x00007ffbb1e33000 	C:\Windows\System32\RPCRT4.dll
0x00007ffbb07a0000 - 0x00007ffbb07c7000 	C:\Windows\System32\bcrypt.dll
0x00007ffbb1e40000 - 0x00007ffbb1eab000 	C:\Windows\System32\WS2_32.dll
0x00007ffbb0200000 - 0x00007ffbb024b000 	C:\Windows\SYSTEM32\POWRPROF.dll
0x00007ffb96f70000 - 0x00007ffb96f97000 	C:\Windows\SYSTEM32\WINMM.dll
0x00007ffba8f90000 - 0x00007ffba8f9a000 	C:\Windows\SYSTEM32\VERSION.dll
0x00007ffbb01e0000 - 0x00007ffbb01f2000 	C:\Windows\SYSTEM32\UMPDC.dll
0x00007ffbaec70000 - 0x00007ffbaec82000 	C:\Windows\SYSTEM32\kernel.appcore.dll
0x00007ffbaa1b0000 - 0x00007ffbaa1ba000 	c:\Users\Hp\.vscode\extensions\redhat.java-1.36.0-win32-x64\jre\17.0.13-win32-x86_64\bin\jimage.dll
0x00007ffbae2a0000 - 0x00007ffbae484000 	C:\Windows\SYSTEM32\DBGHELP.DLL
0x00007ffb939e0000 - 0x00007ffb93a14000 	C:\Windows\SYSTEM32\dbgcore.DLL
0x00007ffbb0450000 - 0x00007ffbb04d2000 	C:\Windows\System32\bcryptPrimitives.dll
0x00007ffbaa0b0000 - 0x00007ffbaa0be000 	c:\Users\Hp\.vscode\extensions\redhat.java-1.36.0-win32-x64\jre\17.0.13-win32-x86_64\bin\instrument.dll
0x00007ffba9f50000 - 0x00007ffba9f75000 	c:\Users\Hp\.vscode\extensions\redhat.java-1.36.0-win32-x64\jre\17.0.13-win32-x86_64\bin\java.dll
0x00007ffba9eb0000 - 0x00007ffba9ec8000 	c:\Users\Hp\.vscode\extensions\redhat.java-1.36.0-win32-x64\jre\17.0.13-win32-x86_64\bin\zip.dll
0x00007ffbb1180000 - 0x00007ffbb18ef000 	C:\Windows\System32\SHELL32.dll
0x00007ffbae4b0000 - 0x00007ffbaec54000 	C:\Windows\SYSTEM32\windows.storage.dll
0x00007ffbb18f0000 - 0x00007ffbb1c43000 	C:\Windows\System32\combase.dll
0x00007ffbafdb0000 - 0x00007ffbafdde000 	C:\Windows\SYSTEM32\Wldp.dll
0x00007ffbb2ca0000 - 0x00007ffbb2d6d000 	C:\Windows\System32\OLEAUT32.dll
0x00007ffbb1eb0000 - 0x00007ffbb1f5d000 	C:\Windows\System32\SHCORE.dll
0x00007ffbb0e80000 - 0x00007ffbb0ed5000 	C:\Windows\System32\shlwapi.dll
0x00007ffbb0380000 - 0x00007ffbb03a4000 	C:\Windows\SYSTEM32\profapi.dll
0x00007ffba7fd0000 - 0x00007ffba7fe9000 	C:\Users\Hp\.vscode\extensions\redhat.java-1.36.0-win32-x64\jre\17.0.13-win32-x86_64\bin\net.dll
0x00007ffba05f0000 - 0x00007ffba06fd000 	C:\Windows\SYSTEM32\WINHTTP.dll
0x00007ffbafb10000 - 0x00007ffbafb7a000 	C:\Windows\system32\mswsock.dll
0x00007ffba0a40000 - 0x00007ffba0a56000 	C:\Users\Hp\.vscode\extensions\redhat.java-1.36.0-win32-x64\jre\17.0.13-win32-x86_64\bin\nio.dll
0x00007ffbaa0a0000 - 0x00007ffbaa0b0000 	c:\Users\Hp\.vscode\extensions\redhat.java-1.36.0-win32-x64\jre\17.0.13-win32-x86_64\bin\verify.dll
0x00007ffb886c0000 - 0x00007ffb88705000 	C:\Users\Hp\AppData\Roaming\Code\User\globalStorage\redhat.java\1.36.0\config_win\org.eclipse.equinox.launcher\org.eclipse.equinox.launcher.win32.win32.x86_64_1.2.1100.v20240722-2106\eclipse_11904.dll
0x00007ffbb1f60000 - 0x00007ffbb208b000 	C:\Windows\System32\ole32.dll

dbghelp: loaded successfully - version: 4.0.5 - missing functions: none
symbol engine: initialized successfully - sym options: 0x614 - pdb path: .;c:\Users\Hp\.vscode\extensions\redhat.java-1.36.0-win32-x64\jre\17.0.13-win32-x86_64\bin;C:\Windows\SYSTEM32;C:\Windows\WinSxS\amd64_microsoft.windows.common-controls_6595b64144ccf1df_6.0.19041.4355_none_60b8b9eb71f62e16;c:\Users\Hp\.vscode\extensions\redhat.java-1.36.0-win32-x64\jre\17.0.13-win32-x86_64\bin\server;C:\Users\Hp\AppData\Roaming\Code\User\globalStorage\redhat.java\1.36.0\config_win\org.eclipse.equinox.launcher\org.eclipse.equinox.launcher.win32.win32.x86_64_1.2.1100.v20240722-2106

VM Arguments:
jvm_args: --add-modules=ALL-SYSTEM --add-opens=java.base/java.util=ALL-UNNAMED --add-opens=java.base/java.lang=ALL-UNNAMED --add-opens=java.base/sun.nio.fs=ALL-UNNAMED -Declipse.application=org.eclipse.jdt.ls.core.id1 -Dosgi.bundles.defaultStartLevel=4 -Declipse.product=org.eclipse.jdt.ls.core.product -Djava.import.generatesMetadataFilesAtProjectRoot=false -DDetectVMInstallationsJob.disabled=true -Dfile.encoding=utf8 -XX:+UseParallelGC -XX:GCTimeRatio=4 -XX:AdaptiveSizePolicyWeight=90 -Dsun.zip.disableMemoryMapping=true -Xmx1G -Xms100m -Xlog:disable -javaagent:c:\Users\Hp\.vscode\extensions\redhat.java-1.36.0-win32-x64\lombok\lombok-1.18.35.jar -XX:+HeapDumpOnOutOfMemoryError -XX:HeapDumpPath=c:\Users\Hp\AppData\Roaming\Code\User\workspaceStorage\20a746ef3ab40ec251df553c4f2a69aa\redhat.java -Daether.dependencyCollector.impl=bf 
java_command: c:\Users\Hp\.vscode\extensions\redhat.java-1.36.0-win32-x64\server\plugins\org.eclipse.equinox.launcher_1.6.900.v20240613-2009.jar -configuration c:\Users\Hp\AppData\Roaming\Code\User\globalStorage\redhat.java\1.36.0\config_win -data c:\Users\Hp\AppData\Roaming\Code\User\workspaceStorage\20a746ef3ab40ec251df553c4f2a69aa\redhat.java\jdt_ws --pipe=\\.\pipe\lsp-a19fec6e085974ab8d30a473fd5f640b-sock
java_class_path (initial): c:\Users\Hp\.vscode\extensions\redhat.java-1.36.0-win32-x64\server\plugins\org.eclipse.equinox.launcher_1.6.900.v20240613-2009.jar
Launcher Type: SUN_STANDARD

[Global flags]
    uintx AdaptiveSizePolicyWeight                 = 90                                        {product} {command line}
     intx CICompilerCount                          = 3                                         {product} {ergonomic}
    uintx GCTimeRatio                              = 4                                         {product} {command line}
     bool HeapDumpOnOutOfMemoryError               = true                                   {manageable} {command line}
    ccstr HeapDumpPath                             = c:\Users\Hp\AppData\Roaming\Code\User\workspaceStorage\20a746ef3ab40ec251df553c4f2a69aa\redhat.java         {manageable} {command line}
   size_t InitialHeapSize                          = 104857600                                 {product} {command line}
   size_t MaxHeapSize                              = 1073741824                                {product} {command line}
   size_t MaxNewSize                               = 357564416                                 {product} {ergonomic}
   size_t MinHeapDeltaBytes                        = 524288                                    {product} {ergonomic}
   size_t MinHeapSize                              = 104857600                                 {product} {command line}
   size_t NewSize                                  = 34603008                                  {product} {ergonomic}
    uintx NonNMethodCodeHeapSize                   = 5832780                                {pd product} {ergonomic}
    uintx NonProfiledCodeHeapSize                  = 122912730                              {pd product} {ergonomic}
   size_t OldSize                                  = 70254592                                  {product} {ergonomic}
    uintx ProfiledCodeHeapSize                     = 122912730                              {pd product} {ergonomic}
    uintx ReservedCodeCacheSize                    = 251658240                              {pd product} {ergonomic}
     bool SegmentedCodeCache                       = true                                      {product} {ergonomic}
   size_t SoftMaxHeapSize                          = 1073741824                             {manageable} {ergonomic}
     bool UseCompressedClassPointers               = true                           {product lp64_product} {ergonomic}
     bool UseCompressedOops                        = true                           {product lp64_product} {ergonomic}
     bool UseLargePagesIndividualAllocation        = false                                  {pd product} {ergonomic}
     bool UseParallelGC                            = true                                      {product} {command line}

Logging:
Log output configuration:
 #0: stdout all=off uptime,level,tags
 #1: stderr all=off uptime,level,tags

Environment Variables:
PATH=C:\Program Files\Common Files\Oracle\Java\javapath;C:\Windows\system32;C:\Windows;C:\Windows\System32\Wbem;C:\Windows\System32\WindowsPowerShell\v1.0\;C:\Windows\System32\OpenSSH\;C:\Program Files\nodejs\;C:\Program Files\Git\cmd;C:\Program Files\Cloudflare\Cloudflare WARP\;C:\Users\Hp\AppData\Local\Microsoft\WindowsApps;;C:\Program Files\JetBrains\IntelliJ IDEA Community Edition 2024.2.3\bin;;C:\Users\Hp\AppData\Local\Programs\Microsoft VS Code\bin;C:\Users\Hp\AppData\Roaming\npm
USERNAME=Hp
OS=Windows_NT
PROCESSOR_IDENTIFIER=Intel64 Family 6 Model 126 Stepping 5, GenuineIntel
TMP=C:\Users\Hp\AppData\Local\Temp
TEMP=C:\Users\Hp\AppData\Local\Temp



Periodic native trim disabled


---------------  S Y S T E M  ---------------

OS:
 Windows 10 , 64 bit Build 19041 (10.0.19041.4957)
OS uptime: 0 days 22:42 hours

CPU: total 4 (initial active 4) (2 cores per cpu, 2 threads per core) family 6 model 126 stepping 5 microcode 0xc2, cx8, cmov, fxsr, ht, mmx, 3dnowpref, sse, sse2, sse3, ssse3, sse4.1, sse4.2, popcnt, lzcnt, tsc, tscinvbit, avx, avx2, aes, erms, clmul, bmi1, bmi2, adx, avx512f, avx512dq, avx512cd, avx512bw, avx512vl, sha, fma, vzeroupper, avx512_vpopcntdq, avx512_vpclmulqdq, avx512_vaes, avx512_vnni, clflush, clflushopt, avx512_vbmi2, avx512_vbmi
Processor Information for all 4 processors :
  Max Mhz: 1190, Current Mhz: 1190, Mhz Limit: 1190

Memory: 4k page, system-wide physical 3873M (85M free)
TotalPageFile size 15649M (AvailPageFile size 1M)
current process WorkingSet (physical memory assigned to process): 92M, peak: 92M
current process commit charge ("private bytes"): 208M, peak: 208M

vm_info: OpenJDK 64-Bit Server VM (17.0.13+11) for windows-amd64 JRE (17.0.13+11), built on Oct 16 2024 00:10:08 by "admin" with MS VC++ 17.7 (VS2022)

END.
